This is pdfTeX, Version 3.1415926-1.40.10 (TeX Live 2009/Debian) (format=pdflatex 2013.5.26)  26 JUN 2014 14:46
entering extended mode
 %&-line parsing enabled.
**aiku-semeval14-task3.tex
(./aiku-semeval14-task3.tex
LaTeX2e <2009/09/24>
Babel <v3.8l> and hyphenation patterns for english, usenglishmax, dumylang, noh
yphenation, loaded.
(/usr/share/texmf-texlive/tex/latex/base/article.cls
Document Class: article 2007/10/19 v1.4h Standard LaTeX document class
(/usr/share/texmf-texlive/tex/latex/base/size11.clo
File: size11.clo 2007/10/19 v1.4h Standard LaTeX file (size option)
)
\c@part=\count79
\c@section=\count80
\c@subsection=\count81
\c@subsubsection=\count82
\c@paragraph=\count83
\c@subparagraph=\count84
\c@figure=\count85
\c@table=\count86
\abovecaptionskip=\skip41
\belowcaptionskip=\skip42
\bibindent=\dimen102
) (./semeval2014.sty
Conference Style for two columns -- prepared 05th February 2014
\titlebox=\skip43
) (/usr/share/texmf-texlive/tex/latex/psnfss/times.sty
Package: times 2005/04/12 PSNFSS-v9.2a (SPQR) 
)
(/usr/share/texmf-texlive/tex/latex/ltxmisc/url.sty
\Urlmuskip=\muskip10
Package: url 2006/04/12  ver 3.3  Verb mode for urls, etc.
)
(/usr/share/texmf-texlive/tex/latex/multirow/multirow.sty
\bigstrutjot=\dimen103
)
(/usr/share/texmf-texlive/tex/latex/base/latexsym.sty
Package: latexsym 1998/08/17 v2.2e Standard LaTeX package (lasy symbols)
\symlasy=\mathgroup4
LaTeX Font Info:    Overwriting symbol font `lasy' in version `bold'
(Font)                  U/lasy/m/n --> U/lasy/b/n on input line 47.
)
(/usr/share/texmf-texlive/tex/latex/rotating/rotating.sty
Package: rotating 2009/03/28 v2.16a rotated objects in LaTeX

(/usr/share/texmf-texlive/tex/latex/graphics/graphicx.sty
Package: graphicx 1999/02/16 v1.0f Enhanced LaTeX Graphics (DPC,SPQR)

(/usr/share/texmf-texlive/tex/latex/graphics/keyval.sty
Package: keyval 1999/03/16 v1.13 key=value parser (DPC)
\KV@toks@=\toks14
)
(/usr/share/texmf-texlive/tex/latex/graphics/graphics.sty
Package: graphics 2009/02/05 v1.0o Standard LaTeX Graphics (DPC,SPQR)

(/usr/share/texmf-texlive/tex/latex/graphics/trig.sty
Package: trig 1999/03/16 v1.09 sin cos tan (DPC)
)
(/etc/texmf/tex/latex/config/graphics.cfg
File: graphics.cfg 2009/08/28 v1.8 graphics configuration of TeX Live
)
Package graphics Info: Driver file: pdftex.def on input line 91.

(/usr/share/texmf-texlive/tex/latex/pdftex-def/pdftex.def
File: pdftex.def 2010/03/12 v0.04p Graphics/color for pdfTeX
\Gread@gobject=\count87
))
\Gin@req@height=\dimen104
\Gin@req@width=\dimen105
)
(/usr/share/texmf-texlive/tex/latex/base/ifthen.sty
Package: ifthen 2001/05/26 v1.1c Standard LaTeX ifthen package (DPC)
)
\c@r@tfl@t=\count88
\rotFPtop=\skip44
\rotFPbot=\skip45
\rot@float@box=\box26
\rot@mess@toks=\toks15
)
(/usr/share/texmf-texlive/tex/latex/booktabs/booktabs.sty
Package: booktabs 2005/04/14 v1.61803 publication quality tables
\heavyrulewidth=\dimen106
\lightrulewidth=\dimen107
\cmidrulewidth=\dimen108
\belowrulesep=\dimen109
\belowbottomsep=\dimen110
\aboverulesep=\dimen111
\abovetopsep=\dimen112
\cmidrulesep=\dimen113
\cmidrulekern=\dimen114
\defaultaddspace=\dimen115
\@cmidla=\count89
\@cmidlb=\count90
\@aboverulesep=\dimen116
\@belowrulesep=\dimen117
\@thisruleclass=\count91
\@lastruleclass=\count92
\@thisrulewidth=\dimen118
)
(./aiku-semeval14-task3.aux)
\openout1 = `aiku-semeval14-task3.aux'.

LaTeX Font Info:    Checking defaults for OML/cmm/m/it on input line 38.
LaTeX Font Info:    ... okay on input line 38.
LaTeX Font Info:    Checking defaults for T1/cmr/m/n on input line 38.
LaTeX Font Info:    ... okay on input line 38.
LaTeX Font Info:    Checking defaults for OT1/cmr/m/n on input line 38.
LaTeX Font Info:    ... okay on input line 38.
LaTeX Font Info:    Checking defaults for OMS/cmsy/m/n on input line 38.
LaTeX Font Info:    ... okay on input line 38.
LaTeX Font Info:    Checking defaults for OMX/cmex/m/n on input line 38.
LaTeX Font Info:    ... okay on input line 38.
LaTeX Font Info:    Checking defaults for U/cmr/m/n on input line 38.
LaTeX Font Info:    ... okay on input line 38.
LaTeX Font Info:    Try loading font information for OT1+ptm on input line 38.

(/usr/share/texmf-texlive/tex/latex/psnfss/ot1ptm.fd
File: ot1ptm.fd 2001/06/04 font definitions for OT1/ptm.
)
(/usr/share/texmf-texlive/tex/context/base/supp-pdf.mkii
[Loading MPS to PDF converter (version 2006.09.02).]
\scratchcounter=\count93
\scratchdimen=\dimen119
\scratchbox=\box27
\nofMPsegments=\count94
\nofMParguments=\count95
\everyMPshowfont=\toks16
\MPscratchCnt=\count96
\MPscratchDim=\dimen120
\MPnumerator=\count97
\everyMPtoPDFconversion=\toks17
)
LaTeX Font Info:    Font shape `OT1/ptm/bx/n' in size <14.4> not available
(Font)              Font shape `OT1/ptm/b/n' tried instead on input line 39.
LaTeX Font Info:    External font `cmex10' loaded for size
(Font)              <12> on input line 39.
LaTeX Font Info:    External font `cmex10' loaded for size
(Font)              <8> on input line 39.
LaTeX Font Info:    External font `cmex10' loaded for size
(Font)              <6> on input line 39.
LaTeX Font Info:    Try loading font information for U+lasy on input line 39.
 (/usr/share/texmf-texlive/tex/latex/base/ulasy.fd
File: ulasy.fd 1998/08/17 v2.2e LaTeX symbol font definitions
)
LaTeX Font Info:    Font shape `OT1/ptm/bx/n' in size <12> not available
(Font)              Font shape `OT1/ptm/b/n' tried instead on input line 39.
LaTeX Font Info:    Try loading font information for OT1+pcr on input line 39.

(/usr/share/texmf-texlive/tex/latex/psnfss/ot1pcr.fd
File: ot1pcr.fd 2001/06/04 font definitions for OT1/pcr.
)
Overfull \hbox (0.86627pt too wide) in paragraph at lines 42--43
[]\OT1/ptm/m/n/10.95 In this pa-per, we de-scribe our un-su-per-vised
 []


Overfull \hbox (2.80356pt too wide) in paragraph at lines 42--43
\OT1/ptm/m/n/10.95 man-tic Sim-i-lar-ity task in Se-meval 2014 that
 []


Overfull \hbox (10.2168pt too wide) in paragraph at lines 42--43
\OT1/ptm/m/n/10.95 occurrence statis-tics of ei-ther oc-curred words
 []


Overfull \hbox (6.87738pt too wide) in paragraph at lines 42--43
\OT1/ptm/m/n/10.95 or their sub-sti-tutes. The co-occurrence mod-
 []


Overfull \hbox (1.59956pt too wide) in paragraph at lines 42--43
\OT1/ptm/m/n/10.95 el-ing step pro-vides dense, low-dimensional
 []


Overfull \hbox (1.55597pt too wide) in paragraph at lines 42--43
\OT1/ptm/m/n/10.95 em-bed-ding for each frag-ment which al-lows
 []


Overfull \hbox (2.01321pt too wide) in paragraph at lines 49--50
\OT1/ptm/m/n/10.95 ous Nat-u-ral Lan-guage Pro-cess-ing (NLP) tasks such
 []


Overfull \hbox (3.27238pt too wide) in paragraph at lines 51--52
\OT1/ptm/m/n/10.95 the se-man-tic sim-i-lar-ity be-tween two text frag-ments.
 []


Overfull \hbox (1.38942pt too wide) in paragraph at lines 51--52
\OT1/ptm/m/n/10.95 The sim-i-lar-ity be-tween two text frag-ments can then
 []


Overfull \hbox (1.46655pt too wide) in paragraph at lines 51--52
\OT1/ptm/m/n/10.95 vari-ables. The sec-ond ap-proach blends var-i-ous lex-
 []


Overfull \hbox (7.60953pt too wide) in paragraph at lines 51--52
\OT1/ptm/m/n/10.95 ment (Pile-hvar et al., 2013; Is-lam and Inkpen, 2008). 
 []

LaTeX Font Info:    External font `cmex10' loaded for size
(Font)              <10.95> on input line 54.
LaTeX Font Info:    External font `cmex10' loaded for size
(Font)              <9> on input line 54.
LaTeX Font Info:    External font `cmex10' loaded for size
(Font)              <5> on input line 54.

Underfull \hbox (badness 10000) in paragraph at lines 54--54
[][]$\OT1/pcr/m/n/9 http : / / alt . qcri . org / semeval2014 /
 []


Overfull \hbox (8.04617pt too wide) in paragraph at lines 54--55
[]\OT1/ptm/m/n/10.95 The Cross-Level Se-man-tic Sim-i-lar-ity (CLSS) task
 []


Overfull \hbox (3.36028pt too wide) in paragraph at lines 54--55
\OT1/ptm/m/n/10.95 lar vol-ume, this task con-sists of four sub-tasks (para-
 []


Overfull \hbox (5.01445pt too wide) in paragraph at lines 54--55
\OT1/ptm/m/n/10.95 graph2sentence, sen-tence2phrase, phrase2word and
 []


Overfull \hbox (2.12334pt too wide) in paragraph at lines 54--55
\OT1/ptm/m/n/10.95 mean the same thing and are not on the same topic). 
 []


Overfull \hbox (6.62389pt too wide) in paragraph at lines 56--57
\OT1/ptm/m/n/10.95 which are para-graph2sentence and sen-tence2phrase. 
 []


Overfull \hbox (4.88226pt too wide) in paragraph at lines 60--61
\OT1/ptm/m/n/10.95 tems and com-pares them to other par-tic-i-pants'. Sec-
 []

[1{/var/lib/texmf/fonts/map/pdftex/updmap/pdftex.map}


]
Underfull \hbox (badness 6526) in paragraph at lines 64--64
[][]\OT1/ptm/m/n/9 The code to repli-cate our work can be found
 []


Underfull \hbox (badness 10000) in paragraph at lines 64--64
\OT1/ptm/m/n/9 at $\OT1/pcr/m/n/9 https : / / github . com / osmanbaskaya /
 []

LaTeX Font Info:    Font shape `OT1/ptm/bx/n' in size <10.95> not available
(Font)              Font shape `OT1/ptm/b/n' tried instead on input line 66.

Overfull \hbox (1.7271pt too wide) in paragraph at lines 112--113
 \OT1/ptm/b/n/10.95 AI-KU$[]$: \OT1/ptm/m/n/10.95 Pre-vi-ously, the uti-liza-ti
on of high prob-
 []


Overfull \hbox (2.82396pt too wide) in paragraph at lines 112--113
\OT1/ptm/m/n/10.95 by find-ing the most likely 100 sub-sti-tutes sug-gested
 []


Overfull \hbox (11.40894pt too wide) in paragraph at lines 112--113
\OT1/ptm/m/n/10.95 by the 4-gram lan-guage model we built from ukWaC[]
 []


Overfull \hbox (12.38354pt too wide) in paragraph at lines 112--113
\OT1/ptm/m/n/10.95 (Fer-raresi et al., 2008), a 2-billion word web-gathered
 []


Overfull \hbox (12.21901pt too wide) in paragraph at lines 116--118
\OT1/ptm/m/n/10.95 This sub-sec-tion will ex-plain the un-su-per-vised method
 []


Overfull \hbox (2.27614pt too wide) in paragraph at lines 116--118
\OT1/ptm/m/n/10.95 we em-ployed to model co-occurrence statis-tics: the
 []


Overfull \hbox (21.74486pt too wide) in paragraph at lines 119--120
[]\OT1/ptm/m/n/10.95 Input data for S-CODE al-go-rithm con-sist of instance-
 []


Overfull \vbox (1.81439pt too high) detected at line 140
 []


LaTeX Warning: `h' float specifier changed to `ht'.


Overfull \hbox (1.52106pt too wide) in paragraph at lines 147--148
\OT1/ptm/m/n/10.95 para-graph2sentence and sen-tence2phrase sub-tasks,
 []


Overfull \hbox (0.2944pt too wide) in paragraph at lines 150--151
\OT1/ptm/m/n/10.95 with ukWaC did not work well on the train-ing data.
 []

[2]
Overfull \hbox (0.67784pt too wide) in paragraph at lines 155--157
\OT1/ptm/m/n/10.95 When the S-CODE con-verges, there is an n-dimen-
 []


Overfull \hbox (2.63667pt too wide) in paragraph at lines 155--157
\OT1/ptm/m/n/10.95 sim-i-lar-ity met-ric to cal-cu-late the sim-i-lar-ity be-tw
een
 []


Overfull \hbox (5.21071pt too wide) in paragraph at lines 155--157
\OT1/ptm/m/n/10.95 re-port only the sim-i-lar-ity be-tween two spe-cific cross
 []


LaTeX Warning: `h' float specifier changed to `ht'.


Overfull \hbox (15.02184pt too wide) in paragraph at lines 179--181
\OT1/ptm/m/n/10.95 sim-i-lar-ity rat-ings and the gold stan-dard rat-ings. Spea
r-
 []


Overfull \hbox (0.26172pt too wide) in paragraph at lines 179--181
\OT1/ptm/m/n/10.95 man's rank cor-re-la-tion mea-sures the de-gree of sim-
 []


Overfull \hbox (3.36003pt too wide) in paragraph at lines 179--181
\OT1/ptm/m/n/10.95 i-lar-ity be-tween two rank-ings; sim-i-lar-ity rat-ings pro
-
 []


Overfull \hbox (7.09457pt too wide) in paragraph at lines 185--212
\OT1/ptm/m/n/10.95 rics, Nor-mal-ized Longest Com-mon Sub-string (LCS)
 []


Overfull \hbox (4.12692pt too wide) in paragraph at lines 185--212
\OT1/ptm/m/n/10.95 three ad-di-tional base-lines: lin (Lin, 1998), lch (Lea-
 []


LaTeX Warning: `h' float specifier changed to `ht'.

[3]
Overfull \hbox (12.46013pt too wide) in paragraph at lines 213--214
 \OT1/ptm/b/n/10.95 Para-graph2Sentence: \OT1/ptm/m/n/10.95 Both sys-tems out-p
er-formed
 []


LaTeX Warning: `h' float specifier changed to `ht'.


Overfull \hbox (6.42438pt too wide) in paragraph at lines 238--239
\OT1/ptm/m/n/10.95 tion of the AI-KU$[]$ sys-tem which per-formed slightly
 []


Overfull \hbox (5.12291pt too wide) in paragraph at lines 238--239
\OT1/ptm/m/n/10.95 worse than LCS on Spear-man met-ric. Per-for-mances
 []


Overfull \hbox (2.64848pt too wide) in paragraph at lines 238--239
\OT1/ptm/m/n/10.95 graph2Sentence sub-task, since smaller tex-tual units
 []


Overfull \hbox (1.52106pt too wide) in paragraph at lines 243--245
\OT1/ptm/m/n/10.95 para-graph2sentence and sen-tence2phrase sub-tasks.
 []


Overfull \hbox (5.36473pt too wide) in paragraph at lines 243--245
\OT1/ptm/m/n/10.95 adding syn-tac-tic in-for-ma-tion (e.g, de-pen-dency pars-
 []

(./aiku-semeval14-task3.bbl [4]
Underfull \hbox (badness 4341) in paragraph at lines 61--66
[]\OT1/ptm/m/n/10 David Ju-r-gens, Mo-hammed Taher Pile-hvar, and
 []


Underfull \hbox (badness 1082) in paragraph at lines 76--84
[]\OT1/ptm/m/n/10 Chin-Yew Lin and Ed-uard Hovy.  2003.  Au-to-
 []


Underfull \hbox (badness 4341) in paragraph at lines 115--121
[]\OT1/ptm/m/n/10 Mohammad Taher Pile-hvar, David Ju-r-gens, and
 []

) [5] (./aiku-semeval14-task3.aux) ) 
Here is how much of TeX's memory you used:
 1366 strings out of 495061
 17749 string characters out of 1182621
 81776 words of memory out of 3000000
 4530 multiletter control sequences out of 15000+50000
 28133 words of font info for 62 fonts, out of 3000000 for 9000
 28 hyphenation exceptions out of 8191
 32i,14n,21p,1080b,316s stack positions out of 5000i,500n,10000p,200000b,50000s
{/usr/share/texmf-texlive/fonts/enc/dvips/b
ase/8r.enc}</usr/share/texmf-texlive/fonts/type1/public/amsfonts/cm/cmmi10.pfb>
</usr/share/texmf-texlive/fonts/type1/public/amsfonts/cm/cmmi8.pfb></usr/share/
texmf-texlive/fonts/type1/public/amsfonts/cm/cmmi9.pfb></usr/share/texmf-texliv
e/fonts/type1/public/amsfonts/cm/cmr10.pfb></usr/share/texmf-texlive/fonts/type
1/public/amsfonts/cm/cmr8.pfb></usr/share/texmf-texlive/fonts/type1/public/amsf
onts/cm/cmr9.pfb></usr/share/texmf-texlive/fonts/type1/public/amsfonts/cm/cmsy9
.pfb></usr/share/texmf-texlive/fonts/type1/urw/courier/ucrr8a.pfb></usr/share/t
exmf-texlive/fonts/type1/urw/times/utmb8a.pfb></usr/share/texmf-texlive/fonts/t
ype1/urw/times/utmr8a.pfb></usr/share/texmf-texlive/fonts/type1/urw/times/utmri
8a.pfb>
Output written on aiku-semeval14-task3.pdf (5 pages, 146709 bytes).
PDF statistics:
 63 PDF objects out of 1000 (max. 8388607)
 0 named destinations out of 1000 (max. 500000)
 1 words of extra memory for PDF output out of 10000 (max. 10000000)

